2024-10-02 10:19:24,836 [INFO] Activator:176 - 


2024-10-02 10:19:24,848 [INFO] Activator:177 - !SESSION log4j initialized
2024-10-02 10:19:30,811 [INFO] LogOutputStream:77 - [STDOUT_REDIRECT] 
2024-10-02 10:19:32,853 [INFO] ApplicationProperties:184 - Using Application install path: C:\ST\STM32CubeIDE_1.16.1\STM32CubeIDE\plugins\com.st.stm32cube.common.mx_6.12.1.202409122256
2024-10-02 10:19:32,886 [INFO] DbMcusXml:78 - Set database path to: C:\ST\STM32CubeIDE_1.16.1\STM32CubeIDE\plugins\com.st.stm32cube.common.mx_6.12.1.202409122256\\db\/mcu/
2024-10-02 10:19:32,886 [INFO] ApiDb:274 - Set plugin database path to: C:\ST\STM32CubeIDE_1.16.1\STM32CubeIDE\plugins\com.st.stm32cube.common.mx_6.12.1.202409122256\\db\/plugins/boardmanager/
2024-10-02 10:19:32,887 [WARN] ApiDb:259 - Overriding images path with different value:  => C:\ST\STM32CubeIDE_1.16.1\STM32CubeIDE\plugins\com.st.stm32cube.common.mx_6.12.1.202409122256\\db\/plugins/mcufinder/images/
2024-10-02 10:19:37,952 [WARN] ApiFinderProperties:113 - C:\Users\aksha_qe0e6eu\.stmcufinder\plugins\mcufinder\mcu\mcuFinder.mfd doesn't exist
2024-10-02 10:19:37,954 [INFO] ApiDb:250 - Set database path to: C:\Users\aksha_qe0e6eu\.stmcufinder\plugins\mcufinder//mcu/
2024-10-02 10:19:37,956 [INFO] DbMcusAds:125 - Set database path to: C:\Users\aksha_qe0e6eu\.stmcufinder\plugins\mcufinder//mcu/
2024-10-02 10:19:37,961 [INFO] CrossReferenceDbSqlite:203 - Set database path to: C:\Users\aksha_qe0e6eu\.stmcufinder\plugins\mcufinder//mcu/cs/
2024-10-02 10:19:38,188 [INFO] RulesReader:64 - Compatibility file has been processed (297 Rules)
2024-10-02 10:19:38,368 [INFO] DbMcusXml:78 - Set database path to: C:\ST\STM32CubeIDE_1.16.1\STM32CubeIDE\plugins\com.st.stm32cube.common.mx_6.12.1.202409122256\\db\/mcu/
2024-10-02 10:19:38,368 [INFO] ApiDb:274 - Set plugin database path to: C:\ST\STM32CubeIDE_1.16.1\STM32CubeIDE\plugins\com.st.stm32cube.common.mx_6.12.1.202409122256\\db\/plugins/boardmanager/
2024-10-02 10:19:38,369 [INFO] ApiDb:261 - Set plugin images path to: C:\ST\STM32CubeIDE_1.16.1\STM32CubeIDE\plugins\com.st.stm32cube.common.mx_6.12.1.202409122256\\db\/plugins/mcufinder/images/
2024-10-02 10:19:38,369 [WARN] DbFile:41 - Overriding database path with different value: C:\Users\aksha_qe0e6eu\.stmcufinder\plugins\mcufinder/ => C:\Users\aksha_qe0e6eu\.stmcufinder\plugins\mcufinder
2024-10-02 10:19:38,369 [INFO] ApiDb:250 - Set database path to: C:\Users\aksha_qe0e6eu\.stmcufinder\plugins\mcufinder//mcu/
2024-10-02 10:19:38,370 [WARN] DbFile:41 - Overriding database path with different value: C:\Users\aksha_qe0e6eu\.stmcufinder\plugins\mcufinder/ => C:\Users\aksha_qe0e6eu\.stmcufinder\plugins\mcufinder
2024-10-02 10:19:38,370 [INFO] DbMcusAds:125 - Set database path to: C:\Users\aksha_qe0e6eu\.stmcufinder\plugins\mcufinder//mcu/
2024-10-02 10:19:38,370 [WARN] DbFile:41 - Overriding database path with different value: C:\Users\aksha_qe0e6eu\.stmcufinder\plugins\mcufinder/ => C:\Users\aksha_qe0e6eu\.stmcufinder\plugins\mcufinder
2024-10-02 10:19:38,370 [WARN] DbFile:41 - Overriding database path with different value: C:\Users\aksha_qe0e6eu\.stmcufinder\plugins\mcufinder/ => C:\Users\aksha_qe0e6eu\.stmcufinder\plugins\mcufinder
2024-10-02 10:19:38,370 [INFO] CrossReferenceDbSqlite:203 - Set database path to: C:\Users\aksha_qe0e6eu\.stmcufinder\plugins\mcufinder//mcu/cs/
2024-10-02 10:19:38,517 [INFO] MainPanel:268 - HeapMemory: 287309824
2024-10-02 10:19:38,703 [INFO] DbMcusXml:78 - Set database path to: C:\ST\STM32CubeIDE_1.16.1\STM32CubeIDE\plugins\com.st.stm32cube.common.mx_6.12.1.202409122256\\db\/mcu/
2024-10-02 10:19:38,703 [INFO] ApiDb:274 - Set plugin database path to: C:\ST\STM32CubeIDE_1.16.1\STM32CubeIDE\plugins\com.st.stm32cube.common.mx_6.12.1.202409122256\\db\/plugins/boardmanager/
2024-10-02 10:19:38,703 [INFO] ApiDb:261 - Set plugin images path to: C:\ST\STM32CubeIDE_1.16.1\STM32CubeIDE\plugins\com.st.stm32cube.common.mx_6.12.1.202409122256\\db\/plugins/mcufinder/images/
2024-10-02 10:19:38,704 [WARN] DbFile:41 - Overriding database path with different value: C:\Users\aksha_qe0e6eu\.stmcufinder\plugins\mcufinder/ => C:\Users\aksha_qe0e6eu\.stmcufinder\plugins\mcufinder
2024-10-02 10:19:38,704 [INFO] ApiDb:250 - Set database path to: C:\Users\aksha_qe0e6eu\.stmcufinder\plugins\mcufinder//mcu/
2024-10-02 10:19:38,704 [WARN] DbFile:41 - Overriding database path with different value: C:\Users\aksha_qe0e6eu\.stmcufinder\plugins\mcufinder/ => C:\Users\aksha_qe0e6eu\.stmcufinder\plugins\mcufinder
2024-10-02 10:19:38,704 [INFO] DbMcusAds:125 - Set database path to: C:\Users\aksha_qe0e6eu\.stmcufinder\plugins\mcufinder//mcu/
2024-10-02 10:19:38,705 [WARN] DbFile:41 - Overriding database path with different value: C:\Users\aksha_qe0e6eu\.stmcufinder\plugins\mcufinder/ => C:\Users\aksha_qe0e6eu\.stmcufinder\plugins\mcufinder
2024-10-02 10:19:38,705 [WARN] DbFile:41 - Overriding database path with different value: C:\Users\aksha_qe0e6eu\.stmcufinder\plugins\mcufinder/ => C:\Users\aksha_qe0e6eu\.stmcufinder\plugins\mcufinder
2024-10-02 10:19:38,705 [INFO] CrossReferenceDbSqlite:203 - Set database path to: C:\Users\aksha_qe0e6eu\.stmcufinder\plugins\mcufinder//mcu/cs/
2024-10-02 10:19:38,735 [INFO] ApplicationProperties:184 - Using Application install path: C:\ST\STM32CubeIDE_1.16.1\STM32CubeIDE\plugins\com.st.stm32cube.common.mx_6.12.1.202409122256
2024-10-02 10:19:38,737 [INFO] PluginManage:196 - Search for loadable plugins [exclusion list=, ]
2024-10-02 10:19:38,740 [INFO] PluginManage:310 - Check plugin analytics
2024-10-02 10:19:39,040 [INFO] AnalyticsPlugin:253 - Accepted Software Licenses: 
2024-10-02 10:19:39,041 [INFO] AnalyticsPlugin:255 - Accepted CMSIS Pack Licenses: 
2024-10-02 10:19:39,041 [INFO] AnalyticsPlugin:257 - Accepted Firmware Licenses: 
2024-10-02 10:19:39,046 [INFO] PluginManage:359 - Loaded plugin analytics (category:tool,tabindex:-1)
2024-10-02 10:19:39,046 [INFO] PluginManage:310 - Check plugin cadmodel
2024-10-02 10:19:39,056 [INFO] CADModel:105 - Init CAD model plugin
2024-10-02 10:19:39,056 [INFO] PluginManage:359 - Loaded plugin cadmodel (category:power,tabindex:5)
2024-10-02 10:19:39,056 [INFO] PluginManage:310 - Check plugin clock
2024-10-02 10:19:39,074 [INFO] PluginManage:359 - Loaded plugin clock (category:base,tabindex:2)
2024-10-02 10:19:39,074 [INFO] PluginManage:310 - Check plugin ddr
2024-10-02 10:19:39,079 [INFO] PluginManage:359 - Loaded plugin ddr (category:tool,tabindex:6)
2024-10-02 10:19:39,080 [INFO] PluginManage:310 - Check plugin filemanager
2024-10-02 10:19:39,308 [INFO] PluginManage:359 - Loaded plugin filemanager (category:base,tabindex:10)
2024-10-02 10:19:39,308 [INFO] PluginManage:310 - Check plugin ipmanager
2024-10-02 10:19:39,326 [INFO] PluginManage:359 - Loaded plugin ipmanager (category:base,tabindex:5)
2024-10-02 10:19:39,326 [INFO] PluginManage:310 - Check plugin lpbam
2024-10-02 10:19:39,342 [INFO] PluginManage:359 - Loaded plugin lpbam (category:base,tabindex:0)
2024-10-02 10:19:39,343 [INFO] PluginManage:310 - Check plugin memorymap
2024-10-02 10:19:39,370 [INFO] PluginManage:359 - Loaded plugin memorymap (category:base,tabindex:4)
2024-10-02 10:19:39,370 [INFO] PluginManage:310 - Check plugin pinoutandconfiguration
2024-10-02 10:19:39,386 [INFO] PluginManage:359 - Loaded plugin pinoutandconfiguration (category:base,tabindex:1)
2024-10-02 10:19:39,387 [INFO] PluginManage:310 - Check plugin pinoutconfig
2024-10-02 10:19:39,530 [WARN] SupportedApi:132 - Cannot load RTOS API schema: s4s-elt-must-match.1: The content of 'definitions' must match (annotation?, (simpleType | complexType)?, (unique | key | keyref)*)). A problem was found starting at: attribute.
2024-10-02 10:19:39,826 [INFO] PluginManage:359 - Loaded plugin pinoutconfig (category:base,tabindex:0)
2024-10-02 10:19:39,827 [INFO] PluginManage:310 - Check plugin power
2024-10-02 10:19:39,841 [INFO] PluginManage:359 - Loaded plugin power (category:power,tabindex:4)
2024-10-02 10:19:39,842 [INFO] PluginManage:310 - Check plugin projectmanager
2024-10-02 10:19:39,866 [INFO] PluginManage:359 - Loaded plugin projectmanager (category:projectmanager,tabindex:4)
2024-10-02 10:19:39,867 [INFO] PluginManage:310 - Check plugin rif
2024-10-02 10:19:39,876 [INFO] PluginManage:359 - Loaded plugin rif (category:base,tabindex:3)
2024-10-02 10:19:39,876 [INFO] PluginManage:310 - Check plugin thirdparty
2024-10-02 10:19:40,099 [INFO] PluginManage:359 - Loaded plugin thirdparty (category:base,tabindex:-1)
2024-10-02 10:19:40,100 [WARN] IntegrityCheckThread:84 - waiting for thirdparty lock release [integrity check]
2024-10-02 10:19:40,100 [INFO] PluginManage:310 - Check plugin tools
2024-10-02 10:19:40,100 [INFO] IntegrityCheckThread:86 - entering critical section [integrity check]
2024-10-02 10:19:40,101 [INFO] ThirdPartyUpdaterWithRetryManager:70 - Updater plugin not ready yet. [1/15]
2024-10-02 10:19:40,106 [INFO] PluginManage:359 - Loaded plugin tools (category:base,tabindex:7)
2024-10-02 10:19:40,106 [INFO] PluginManage:310 - Check plugin tutovideos
2024-10-02 10:19:40,430 [INFO] PluginManage:359 - Loaded plugin tutovideos (category:base,tabindex:-1)
2024-10-02 10:19:40,430 [INFO] PluginManage:310 - Check plugin updater
2024-10-02 10:19:40,463 [INFO] PluginManage:359 - Loaded plugin updater (category:base,tabindex:12)
2024-10-02 10:19:40,463 [INFO] PluginManage:310 - Check plugin userauth
2024-10-02 10:19:40,649 [INFO] UserAuth:113 - Init User Auth plugin
2024-10-02 10:19:40,650 [INFO] PluginManage:359 - Loaded plugin userauth (category:base,tabindex:14)
2024-10-02 10:19:40,651 [INFO] PluginManage:283 - PluginManage : Loaded plugins [18]
2024-10-02 10:19:41,021 [INFO] PinOutPanel:1561 - setPackage(No Configuration,No Configuration)
2024-10-02 10:19:41,211 [INFO] CADModel:165 - CPN selected for project level
2024-10-02 10:19:41,211 [INFO] CADModel:114 - Register for checkConnection events
2024-10-02 10:19:41,245 [INFO] IPUIPlugin:80 - create IPUIPlugin
2024-10-02 10:19:41,246 [INFO] PluginManager:220 - loadIPPluginJar : add adc
2024-10-02 10:19:41,252 [INFO] IPUIPlugin:80 - create IPUIPlugin
2024-10-02 10:19:41,252 [INFO] PluginManager:220 - loadIPPluginJar : add aes
2024-10-02 10:19:41,259 [INFO] IPUIPlugin:80 - create IPUIPlugin
2024-10-02 10:19:41,259 [INFO] PluginManager:220 - loadIPPluginJar : add can
2024-10-02 10:19:41,263 [INFO] IPUIPlugin:80 - create IPUIPlugin
2024-10-02 10:19:41,263 [INFO] PluginManager:220 - loadIPPluginJar : add comp
2024-10-02 10:19:41,270 [INFO] IPUIPlugin:80 - create IPUIPlugin
2024-10-02 10:19:41,271 [INFO] PluginManager:220 - loadIPPluginJar : add cryp
2024-10-02 10:19:41,275 [INFO] IPUIPlugin:80 - create IPUIPlugin
2024-10-02 10:19:41,276 [INFO] PluginManager:220 - loadIPPluginJar : add ddr_ctrl_phy
2024-10-02 10:19:41,279 [INFO] IPUIPlugin:80 - create IPUIPlugin
2024-10-02 10:19:41,280 [INFO] PluginManager:220 - loadIPPluginJar : add dfsdm
2024-10-02 10:19:41,287 [INFO] IPUIPlugin:80 - create IPUIPlugin
2024-10-02 10:19:41,288 [INFO] PluginManager:220 - loadIPPluginJar : add dma
2024-10-02 10:19:41,291 [INFO] IPUIPlugin:80 - create IPUIPlugin
2024-10-02 10:19:41,291 [INFO] PluginManager:220 - loadIPPluginJar : add dma3
2024-10-02 10:19:41,296 [INFO] IPUIPlugin:80 - create IPUIPlugin
2024-10-02 10:19:41,296 [INFO] PluginManager:220 - loadIPPluginJar : add extmemmanager
2024-10-02 10:19:41,299 [INFO] IPUIPlugin:80 - create IPUIPlugin
2024-10-02 10:19:41,300 [INFO] PluginManager:220 - loadIPPluginJar : add fatfs
2024-10-02 10:19:41,307 [INFO] IPUIPlugin:80 - create IPUIPlugin
2024-10-02 10:19:41,307 [INFO] PluginManager:220 - loadIPPluginJar : add fmc
2024-10-02 10:19:41,320 [INFO] IPUIPlugin:80 - create IPUIPlugin
2024-10-02 10:19:41,320 [INFO] PluginManager:220 - loadIPPluginJar : add freertos
2024-10-02 10:19:41,323 [INFO] IPUIPlugin:80 - create IPUIPlugin
2024-10-02 10:19:41,323 [INFO] PluginManager:220 - loadIPPluginJar : add genericplugin
2024-10-02 10:19:41,328 [INFO] IPUIPlugin:80 - create IPUIPlugin
2024-10-02 10:19:41,328 [INFO] PluginManager:220 - loadIPPluginJar : add gfxmmu
2024-10-02 10:19:41,335 [INFO] IPUIPlugin:80 - create IPUIPlugin
2024-10-02 10:19:41,335 [INFO] PluginManager:220 - loadIPPluginJar : add gic
2024-10-02 10:19:41,342 [INFO] IPUIPlugin:80 - create IPUIPlugin
2024-10-02 10:19:41,343 [INFO] PluginManager:220 - loadIPPluginJar : add gpio
2024-10-02 10:19:41,348 [INFO] IPUIPlugin:80 - create IPUIPlugin
2024-10-02 10:19:41,349 [INFO] PluginManager:220 - loadIPPluginJar : add gtzc
2024-10-02 10:19:41,353 [INFO] IPUIPlugin:80 - create IPUIPlugin
2024-10-02 10:19:41,353 [INFO] PluginManager:220 - loadIPPluginJar : add hash
2024-10-02 10:19:41,357 [INFO] IPUIPlugin:80 - create IPUIPlugin
2024-10-02 10:19:41,357 [INFO] PluginManager:220 - loadIPPluginJar : add i2c
2024-10-02 10:19:41,360 [INFO] IPUIPlugin:80 - create IPUIPlugin
2024-10-02 10:19:41,361 [INFO] PluginManager:220 - loadIPPluginJar : add i2s
2024-10-02 10:19:41,367 [INFO] IPUIPlugin:80 - create IPUIPlugin
2024-10-02 10:19:41,367 [INFO] PluginManager:220 - loadIPPluginJar : add i3c
2024-10-02 10:19:41,371 [INFO] IPUIPlugin:80 - create IPUIPlugin
2024-10-02 10:19:41,371 [INFO] PluginManager:220 - loadIPPluginJar : add ipddr
2024-10-02 10:19:41,381 [INFO] IPUIPlugin:80 - create IPUIPlugin
2024-10-02 10:19:41,382 [INFO] PluginManager:220 - loadIPPluginJar : add linkedlist
2024-10-02 10:19:41,385 [INFO] IPUIPlugin:80 - create IPUIPlugin
2024-10-02 10:19:41,385 [INFO] PluginManager:220 - loadIPPluginJar : add lorawan
2024-10-02 10:19:41,387 [INFO] IPUIPlugin:80 - create IPUIPlugin
2024-10-02 10:19:41,387 [INFO] PluginManager:220 - loadIPPluginJar : add ltdc
2024-10-02 10:19:41,393 [INFO] IPUIPlugin:80 - create IPUIPlugin
2024-10-02 10:19:41,394 [INFO] PluginManager:220 - loadIPPluginJar : add mdma
2024-10-02 10:19:41,397 [INFO] IPUIPlugin:80 - create IPUIPlugin
2024-10-02 10:19:41,398 [INFO] PluginManager:220 - loadIPPluginJar : add nvic
2024-10-02 10:19:41,401 [INFO] IPUIPlugin:80 - create IPUIPlugin
2024-10-02 10:19:41,401 [INFO] PluginManager:220 - loadIPPluginJar : add opamp
2024-10-02 10:19:41,404 [INFO] IPUIPlugin:80 - create IPUIPlugin
2024-10-02 10:19:41,404 [INFO] PluginManager:220 - loadIPPluginJar : add openamp
2024-10-02 10:19:41,408 [INFO] IPUIPlugin:80 - create IPUIPlugin
2024-10-02 10:19:41,408 [INFO] PluginManager:220 - loadIPPluginJar : add pdm2pcm
2024-10-02 10:19:41,414 [INFO] IPUIPlugin:80 - create IPUIPlugin
2024-10-02 10:19:41,416 [INFO] PluginManager:220 - loadIPPluginJar : add plateformsettings
2024-10-02 10:19:41,421 [INFO] IPUIPlugin:80 - create IPUIPlugin
2024-10-02 10:19:41,421 [INFO] PluginManager:220 - loadIPPluginJar : add quadspi
2024-10-02 10:19:41,423 [INFO] IPUIPlugin:80 - create IPUIPlugin
2024-10-02 10:19:41,424 [INFO] PluginManager:220 - loadIPPluginJar : add radio
2024-10-02 10:19:41,429 [INFO] IPUIPlugin:80 - create IPUIPlugin
2024-10-02 10:19:41,429 [INFO] PluginManager:220 - loadIPPluginJar : add resmgrutility
2024-10-02 10:19:41,433 [INFO] IPUIPlugin:80 - create IPUIPlugin
2024-10-02 10:19:41,433 [INFO] PluginManager:220 - loadIPPluginJar : add sai
2024-10-02 10:19:41,436 [INFO] IPUIPlugin:80 - create IPUIPlugin
2024-10-02 10:19:41,436 [INFO] PluginManager:220 - loadIPPluginJar : add spi
2024-10-02 10:19:41,441 [INFO] IPUIPlugin:80 - create IPUIPlugin
2024-10-02 10:19:41,441 [INFO] PluginManager:220 - loadIPPluginJar : add stm32_wpan
2024-10-02 10:19:41,443 [INFO] IPUIPlugin:80 - create IPUIPlugin
2024-10-02 10:19:41,444 [INFO] PluginManager:220 - loadIPPluginJar : add tim
2024-10-02 10:19:41,447 [INFO] IPUIPlugin:80 - create IPUIPlugin
2024-10-02 10:19:41,447 [INFO] PluginManager:220 - loadIPPluginJar : add touchsensing
2024-10-02 10:19:41,450 [INFO] IPUIPlugin:80 - create IPUIPlugin
2024-10-02 10:19:41,450 [INFO] PluginManager:220 - loadIPPluginJar : add tracer_emb
2024-10-02 10:19:41,452 [INFO] IPUIPlugin:80 - create IPUIPlugin
2024-10-02 10:19:41,453 [INFO] PluginManager:220 - loadIPPluginJar : add ts
2024-10-02 10:19:41,455 [INFO] IPUIPlugin:80 - create IPUIPlugin
2024-10-02 10:19:41,455 [INFO] PluginManager:220 - loadIPPluginJar : add tsc
2024-10-02 10:19:41,458 [INFO] IPUIPlugin:80 - create IPUIPlugin
2024-10-02 10:19:41,458 [INFO] PluginManager:220 - loadIPPluginJar : add ucpd
2024-10-02 10:19:41,461 [INFO] IPUIPlugin:80 - create IPUIPlugin
2024-10-02 10:19:41,461 [INFO] PluginManager:220 - loadIPPluginJar : add usart
2024-10-02 10:19:41,464 [INFO] IPUIPlugin:80 - create IPUIPlugin
2024-10-02 10:19:41,464 [INFO] PluginManager:220 - loadIPPluginJar : add usbx
2024-10-02 10:19:41,612 [INFO] CADModel:165 - CPN selected for project level
2024-10-02 10:19:41,613 [INFO] CADModel:114 - Register for checkConnection events
2024-10-02 10:19:41,613 [FATAL] Updater:334 - Updater called before beeing initialized
2024-10-02 10:19:41,613 [ERROR] CADModel:125 - Updater not yet initialized, retry later 
2024-10-02 10:19:41,813 [INFO] CADModel:165 - CPN selected for project level
2024-10-02 10:19:41,813 [INFO] CADModel:114 - Register for checkConnection events
2024-10-02 10:19:41,814 [FATAL] Updater:334 - Updater called before beeing initialized
2024-10-02 10:19:41,814 [ERROR] CADModel:125 - Updater not yet initialized, retry later 
2024-10-02 10:19:41,820 [FATAL] Updater:334 - Updater called before beeing initialized
2024-10-02 10:19:41,963 [FATAL] Updater:334 - Updater called before beeing initialized
2024-10-02 10:19:41,967 [INFO] DbMcusAds:53 - JSON generation date=Thu Sep 30 12:25:09 IST 2021 (1632984909247)
2024-10-02 10:19:41,967 [FATAL] Updater:334 - Updater called before beeing initialized
2024-10-02 10:19:42,159 [WARN] DetailPanel:346 - Failed to get advertising image, set to default
2024-10-02 10:19:42,263 [FATAL] Updater:334 - Updater called before beeing initialized
2024-10-02 10:19:42,265 [FATAL] Updater:334 - Updater called before beeing initialized
2024-10-02 10:19:42,265 [FATAL] Updater:334 - Updater called before beeing initialized
2024-10-02 10:19:42,265 [WARN] DetailPanel:346 - Failed to get advertising image, set to default
2024-10-02 10:19:42,266 [FATAL] Updater:334 - Updater called before beeing initialized
2024-10-02 10:19:42,311 [ERROR] Updater:1164 - MainUpdater not yet initialized. External WinMGr cannot be set.
2024-10-02 10:19:42,313 [INFO] Updater:1100 - Updater Version found : 6.12.1
2024-10-02 10:19:42,335 [INFO] ApplicationProperties:184 - Using Application install path: C:\ST\STM32CubeIDE_1.16.1\STM32CubeIDE\plugins\com.st.stm32cube.common.mx_6.12.1.202409122256
2024-10-02 10:19:43,102 [INFO] ThirdPartyUpdaterWithRetryManager:70 - Updater plugin not ready yet. [2/15]
2024-10-02 10:19:43,917 [ERROR] LogOutputStream:75 - [STDERR_REDIRECT] Oct 02, 2024 10:19:43 AM java.util.prefs.WindowsPreferences <init>
2024-10-02 10:19:43,918 [ERROR] LogOutputStream:75 - [STDERR_REDIRECT] WARNING: Could not open/create prefs root node Software\JavaSoft\Prefs at root 0xffffffff80000002. Windows RegCreateKeyEx(...) returned error code 5.
2024-10-02 10:19:43,918 [ERROR] LogOutputStream:75 - [STDERR_REDIRECT] 
2024-10-02 10:19:43,937 [INFO] MainUpdater:526 - Copy updater definitions from MX database
2024-10-02 10:19:43,986 [INFO] MainUpdater:559 - Copy flag file definitions from MX database
2024-10-02 10:19:43,989 [INFO] MainUpdater:575 - Copy thirdparty index definitions from MX database
2024-10-02 10:19:43,996 [INFO] MainUpdater:594 - Copy default thirdparty db definitions from MX database
2024-10-02 10:19:44,228 [INFO] MainUpdater:2873 - connection check result : 10
2024-10-02 10:19:44,229 [INFO] MainUpdater:3567 - Updater definition file requires update
2024-10-02 10:19:44,230 [INFO] MainUpdater:290 - Updater Check For Update Now.
2024-10-02 10:19:44,230 [INFO] MicroXplorer:498 - Change Database Version : DB.6.0.121
2024-10-02 10:19:44,238 [INFO] McuFinderGlobals:63 - Set McuFinder mode to 2 (CubeIDE integrated)
2024-10-02 10:19:44,238 [INFO] UserAuth:179 - activating auth plugin
2024-10-02 10:19:44,244 [INFO] UserAuth:417 - Internet connection configuration mode: 1
2024-10-02 10:19:44,278 [INFO] JxBrowserEngine:152 - Initiate JxBrowser Engine with user profile folder
2024-10-02 10:19:44,376 [INFO] ServerAccessManage:473 - Download File updaters.zip
2024-10-02 10:19:44,487 [INFO] FileExtend:240 - Unzip File : updaters.zip
2024-10-02 10:19:44,487 [INFO] FileExtend:255 - Standard Zip Deflate
2024-10-02 10:19:45,054 [INFO] ServerAccessManage:473 - Download File PacksControlFlags.xml
2024-10-02 10:19:45,179 [INFO] ServerAccessManage:473 - Download File cubemx.pidx
2024-10-02 10:19:45,332 [INFO] ServerAccessManage:473 - Download File STMicroelectronics.FP-ATR-ASTRA1.pdsc
2024-10-02 10:19:45,492 [INFO] ServerAccessManage:473 - Download File STMicroelectronics.FP-ATR-SIGFOX1.pdsc
2024-10-02 10:19:45,548 [INFO] ServerAccessManage:473 - Download File STMicroelectronics.FP-SNS-STBOX1.pdsc
2024-10-02 10:19:46,106 [WARN] MainUpdater:1194 - Updater busy. Cannot search thirdparties
2024-10-02 10:19:46,106 [INFO] ThirdPartyUpdaterWithRetryManager:96 - Updater plugin is busy. [1/15]
2024-10-02 10:19:46,295 [INFO] ServerAccessManage:473 - Download File STMicroelectronics.FP-SNS-FLIGHT1.pdsc
2024-10-02 10:19:46,432 [INFO] ServerAccessManage:473 - Download File STMicroelectronics.FP-SNS-MOTENV1.pdsc
2024-10-02 10:19:46,632 [INFO] ServerAccessManage:473 - Download File STMicroelectronics.FP-SNS-MOTENVWB1.pdsc
2024-10-02 10:19:46,762 [INFO] ServerAccessManage:473 - Download File STMicroelectronics.FP-SNS-SMARTAG2.pdsc
2024-10-02 10:19:46,828 [INFO] ServerAccessManage:473 - Download File STMicroelectronics.X-CUBE-AI.pdsc
2024-10-02 10:19:47,166 [INFO] ServerAccessManage:473 - Download File STMicroelectronics.X-CUBE-ALS.pdsc
2024-10-02 10:19:47,337 [INFO] ServerAccessManage:473 - Download File STMicroelectronics.X-CUBE-BLE1.pdsc
2024-10-02 10:19:48,426 [ERROR] ServerAccessManage:1089 - Problem, file not found on Server
2024-10-02 10:19:48,444 [INFO] ServerAccessManage:473 - Download File STMicroelectronics.X-CUBE-BLE2.pdsc
2024-10-02 10:19:48,719 [INFO] ServerAccessManage:473 - Download File STMicroelectronics.X-CUBE-BLEMGR.pdsc
2024-10-02 10:19:48,886 [INFO] ServerAccessManage:473 - Download File STMicroelectronics.X-CUBE-DISPLAY.pdsc
2024-10-02 10:19:49,022 [INFO] ServerAccessManage:473 - Download File STMicroelectronics.X-CUBE-DPOWER.pdsc
2024-10-02 10:19:49,108 [WARN] MainUpdater:1194 - Updater busy. Cannot search thirdparties
2024-10-02 10:19:49,108 [INFO] ThirdPartyUpdaterWithRetryManager:96 - Updater plugin is busy. [2/15]
2024-10-02 10:19:49,860 [ERROR] ServerAccessManage:1089 - Problem, file not found on Server
2024-10-02 10:19:50,168 [ERROR] ServerAccessManage:1089 - Problem, file not found on Server
2024-10-02 10:19:50,884 [ERROR] ServerAccessManage:1089 - Problem, file not found on Server
2024-10-02 10:19:50,885 [ERROR] ExternalUserPreferencesManager:606 - Error while get path from external application: Cannot invoke "com.st.stm32cube.common.mx.MxActivator.getBundle()" because the return value of "com.st.stm32cube.common.mx.MxActivator.getDefault()" is null
2024-10-02 10:19:50,885 [ERROR] ExternalUserPreferencesManager:336 - Error while get preference info from external application: Cannot invoke "com.st.stm32cube.common.mx.MxActivator.getBundle()" because the return value of "com.st.stm32cube.common.mx.MxActivator.getDefault()" is null
2024-10-02 10:19:50,885 [ERROR] ExternalUserPreferencesManager:560 - Error while get preference info from external application: Cannot invoke "com.st.stm32cube.common.mx.MxActivator.getBundle()" because the return value of "com.st.stm32cube.common.mx.MxActivator.getDefault()" is null
2024-10-02 10:19:50,889 [ERROR] ExternalUserPreferencesManager:560 - Error while get preference info from external application: Cannot invoke "com.st.stm32cube.common.mx.MxActivator.getBundle()" because the return value of "com.st.stm32cube.common.mx.MxActivator.getDefault()" is null
2024-10-02 10:19:51,039 [ERROR] LogOutputStream:75 - [STDERR_REDIRECT] 
2024-10-02 10:19:51,039 [ERROR] LogOutputStream:75 - [STDERR_REDIRECT] 
